<?xml version="1.0" encoding="UTF-8"?>
<testng-results skipped="0" failed="1" total="1" passed="0">
  <reporter-output>
  </reporter-output>
  <suite name="Default suite" duration-ms="26023" started-at="2016-02-19T04:12:36Z" finished-at="2016-02-19T04:13:02Z">
    <groups>
    </groups>
    <test name="Default test" duration-ms="26023" started-at="2016-02-19T04:12:36Z" finished-at="2016-02-19T04:13:02Z">
      <class name="selenium.test.java.AppiumTest">
        <test-method status="PASS" signature="setUp()[pri:0, instance:selenium.test.java.AppiumTest@7380ce9c]" name="setUp" is-config="true" duration-ms="10035" started-at="2016-02-19T11:12:36Z" finished-at="2016-02-19T11:12:46Z">
          <reporter-output>
          </reporter-output>
        </test-method> <!-- setUp -->
        <test-method status="FAIL" signature="webView()[pri:0, instance:selenium.test.java.AppiumTest@7380ce9c]" name="webView" duration-ms="15061" started-at="2016-02-19T11:12:46Z" finished-at="2016-02-19T11:13:01Z">
          <exception class="io.appium.java_client.NoSuchContextException">
            <message>
              <![CDATA[No such context found. (WARNING: The server did not provide any stacktrace information)
Command duration or timeout: 452 milliseconds
Build info: version: '2.47.1', revision: '411b314', time: '2015-07-30 03:03:16'
System info: host: 'sangkhim', ip: '169.254.158.8', os.name: 'Windows 7', os.arch: 'amd64', os.version: '6.1', java.version: '1.7.0_55'
Session ID: 639faaab-e6f0-42cb-aaef-f5230b2dee5e
Driver info: io.appium.java_client.android.AndroidDriver
Capabilities [{platform=WINDOWS, app=D:\wamp\www\angular\tobb\platforms\android\build\outputs\apk\android-debug.apk, javascriptEnabled=true, appActivity=com.ionicframework.myapp745050.MainActivity, browserName=, networkConnectionEnabled=true, desired={app=D:\wamp\www\angular\tobb\platforms\android\build\outputs\apk\android-debug.apk, platform=WINDOWS, deviceName=EP7338C6YX, platformName=Android, appActivity=com.ionicframework.myapp745050.MainActivity, browserName=, device=selendroid, appPackage=com.ionicframework.myapp745050}, locationContextEnabled=false, appPackage=com.ionicframework.myapp745050, platformVersion=5.1.1, databaseEnabled=false, platformName=Android, deviceName=EP7338C6YX, webStorageEnabled=false, device=selendroid, warnings={}, takesScreenshot=true}]]]>
            </message>
            <full-stacktrace>
              <![CDATA[io.appium.java_client.NoSuchContextException: No such context found. (WARNING: The server did not provide any stacktrace information)
Command duration or timeout: 452 milliseconds
Build info: version: '2.47.1', revision: '411b314', time: '2015-07-30 03:03:16'
System info: host: 'sangkhim', ip: '169.254.158.8', os.name: 'Windows 7', os.arch: 'amd64', os.version: '6.1', java.version: '1.7.0_55'
Session ID: 639faaab-e6f0-42cb-aaef-f5230b2dee5e
Driver info: io.appium.java_client.android.AndroidDriver
Capabilities [{platform=WINDOWS, app=D:\wamp\www\angular\tobb\platforms\android\build\outputs\apk\android-debug.apk, javascriptEnabled=true, appActivity=com.ionicframework.myapp745050.MainActivity, browserName=, networkConnectionEnabled=true, desired={app=D:\wamp\www\angular\tobb\platforms\android\build\outputs\apk\android-debug.apk, platform=WINDOWS, deviceName=EP7338C6YX, platformName=Android, appActivity=com.ionicframework.myapp745050.MainActivity, browserName=, device=selendroid, appPackage=com.ionicframework.myapp745050}, locationContextEnabled=false, appPackage=com.ionicframework.myapp745050, platformVersion=5.1.1, databaseEnabled=false, platformName=Android, deviceName=EP7338C6YX, webStorageEnabled=false, device=selendroid, warnings={}, takesScreenshot=true}]
	at sun.reflect.NativeConstructorAccessorImpl.newInstance0(Native Method)
	at sun.reflect.NativeConstructorAccessorImpl.newInstance(NativeConstructorAccessorImpl.java:57)
	at sun.reflect.DelegatingConstructorAccessorImpl.newInstance(DelegatingConstructorAccessorImpl.java:45)
	at java.lang.reflect.Constructor.newInstance(Constructor.java:526)
	at org.openqa.selenium.remote.ErrorHandler.createThrowable(ErrorHandler.java:206)
	at org.openqa.selenium.remote.ErrorHandler.throwIfResponseFailed(ErrorHandler.java:158)
	at org.openqa.selenium.remote.RemoteWebDriver.execute(RemoteWebDriver.java:595)
	at io.appium.java_client.AppiumDriver.execute(AppiumDriver.java:180)
	at io.appium.java_client.AppiumDriver.context(AppiumDriver.java:536)
	at selenium.test.java.AppiumTest.webView(AppiumTest.java:62)
	at sun.reflect.NativeMethodAccessorImpl.invoke0(Native Method)
	at sun.reflect.NativeMethodAccessorImpl.invoke(NativeMethodAccessorImpl.java:57)
	at sun.reflect.DelegatingMethodAccessorImpl.invoke(DelegatingMethodAccessorImpl.java:43)
	at java.lang.reflect.Method.invoke(Method.java:606)
	at org.testng.internal.MethodInvocationHelper.invokeMethod(MethodInvocationHelper.java:84)
	at org.testng.internal.Invoker.invokeMethod(Invoker.java:714)
	at org.testng.internal.Invoker.invokeTestMethod(Invoker.java:901)
	at org.testng.internal.Invoker.invokeTestMethods(Invoker.java:1231)
	at org.testng.internal.TestMethodWorker.invokeTestMethods(TestMethodWorker.java:127)
	at org.testng.internal.TestMethodWorker.run(TestMethodWorker.java:111)
	at org.testng.TestRunner.privateRun(TestRunner.java:767)
	at org.testng.TestRunner.run(TestRunner.java:617)
	at org.testng.SuiteRunner.runTest(SuiteRunner.java:334)
	at org.testng.SuiteRunner.runSequentially(SuiteRunner.java:329)
	at org.testng.SuiteRunner.privateRun(SuiteRunner.java:291)
	at org.testng.SuiteRunner.run(SuiteRunner.java:240)
	at org.testng.SuiteRunnerWorker.runSuite(SuiteRunnerWorker.java:52)
	at org.testng.SuiteRunnerWorker.run(SuiteRunnerWorker.java:86)
	at org.testng.TestNG.runSuitesSequentially(TestNG.java:1224)
	at org.testng.TestNG.runSuitesLocally(TestNG.java:1149)
	at org.testng.TestNG.run(TestNG.java:1057)
	at org.testng.remote.RemoteTestNG.run(RemoteTestNG.java:111)
	at org.testng.remote.RemoteTestNG.initAndRun(RemoteTestNG.java:204)
	at org.testng.remote.RemoteTestNG.main(RemoteTestNG.java:175)
]]>
            </full-stacktrace>
          </exception> <!-- io.appium.java_client.NoSuchContextException -->
          <reporter-output>
          </reporter-output>
        </test-method> <!-- webView -->
        <test-method status="PASS" signature="tearDown()[pri:0, instance:selenium.test.java.AppiumTest@7380ce9c]" name="tearDown" is-config="true" duration-ms="883" started-at="2016-02-19T11:13:01Z" finished-at="2016-02-19T11:13:02Z">
          <reporter-output>
          </reporter-output>
        </test-method> <!-- tearDown -->
      </class> <!-- selenium.test.java.AppiumTest -->
    </test> <!-- Default test -->
  </suite> <!-- Default suite -->
</testng-results>
